[21:19:13]  Cannot connect to host discord.com:443 ssl:default [getaddrinfo failed]
[23:17:11]  SanCord is activated. SanCord has synced 3 command(s)
[23:17:11]  Guild's Information Added To Database(Guild id: 1067697283350663238, Guild name: Nafiz Rohan's server, Serial Number: None)
[23:17:11]  Guild Is Removed From Database(Guild id: 1067697283350663238).
[23:23:37]  SanCord is activated. SanCord has synced 3 command(s)
[23:23:37]  Guild Is Removed From Database(Guild id: 1067697283350663238).
[23:26:5]  SanCord is activated. SanCord has synced 3 command(s)
[23:27:14]  SanCord is activated. SanCord has synced 3 command(s)
[23:27:14]  Guild Is Removed From Database(Guild id: 1067697283350663238).
[23:27:14]  Guild's Information Added To Database(Guild id: 1067697283350663238, Guild name: Nafiz Rohan's server, Serial Number: None)
[23:30:5]  SanCord is activated. SanCord has synced 3 command(s)
[23:30:5]  Guild Is Removed From Database(Guild id: 1067697283350663238).
[23:30:5]  Guild's Information Added To Database(Guild id: 1067697283350663238, Guild name: Nafiz Rohan's server, Serial Number: 5)
[23:34:14]  SanCord is activated. SanCord has synced 3 command(s)
[23:34:14]  Guild Is Removed From Database(Guild id: 1067697283350663238).
[23:34:14]  SanCord is activated. SanCord has synced 3 command(s)
[0:48:34]  SanCord is activated. SanCord has synced 3 command(s)
[0:48:34]  Guild Is Removed From Database(Guild id: 1075731913580490764).
[0:48:34]  Guild's Information Added To Database(Guild id: 1075731913580490764, Guild name: Nafiz Rohan's Warehouse, Serial Number: 1)
[0:50:41]  SanCord is activated. SanCord has synced 3 command(s)
[0:12:46]  SanCord is activated. SanCord has synced 4 command(s)
[0:13:36]  SanCord is activated. SanCord has synced 4 command(s)
[0:14:51]  SanCord is activated. SanCord has synced 4 command(s)
[0:23:52]  SanCord is activated. SanCord has synced 4 command(s)
[0:31:27]  SanCord is activated. SanCord has synced 4 command(s)
[0:43:1]  SanCord is activated. SanCord has synced 4 command(s)
[0:44:29]  SanCord is activated. SanCord has synced 4 command(s)
[0:45:40]  SanCord is activated. SanCord has synced 4 command(s)
[0:47:50]  SanCord is activated. SanCord has synced 4 command(s)
[0:47:50]  SanCord is activated. SanCord has synced 4 command(s)
[0:50:49]  SanCord is activated. SanCord has synced 4 command(s)
[0:52:56]  SanCord is activated. SanCord has synced 4 command(s)
[0:57:52]  SanCord is activated. SanCord has synced 4 command(s)
[1:0:26]  SanCord is activated. SanCord has synced 4 command(s)
[1:0:58]  SanCord is activated. SanCord has synced 4 command(s)
[1:13:12]  1932 (42S02): Table 'sancord.guilds' doesn't exist in engine. On /server command
[1:15:44]  SanCord is activated. SanCord has synced 4 command(s)
[1:18:22]  SanCord is activated. SanCord has synced 4 command(s)
[1:46:17]  SanCord is activated. SanCord has synced 4 command(s)
[1:53:28]  SanCord is activated. SanCord has synced 4 command(s)
[1:54:28]  SanCord is activated. SanCord has synced 4 command(s)
[1:56:56]  SanCord is activated. SanCord has synced 4 command(s)
[1:58:16]  SanCord is activated. SanCord has synced 4 command(s)
[2:3:37]  SanCord is activated. SanCord has synced 4 command(s)
[2:4:13]  SanCord is activated. SanCord has synced 4 command(s)
[2:6:30]  SanCord is activated. SanCord has synced 4 command(s)
[2:6:53]  SanCord is activated. SanCord has synced 4 command(s)
[9:36:33]  SanCord is activated. SanCord has synced 4 command(s)
[9:42:33]  SanCord is activated. SanCord has synced 4 command(s)
[9:44:34]  SanCord is activated. SanCord has synced 4 command(s)
[9:45:20]  SanCord is activated. SanCord has synced 4 command(s)
[9:46:17]  SanCord is activated. SanCord has synced 4 command(s)
[10:11:57]  SanCord is activated. SanCord has synced 4 command(s)
[10:17:10]  SanCord is activated. SanCord has synced 4 command(s)
[10:19:37]  SanCord is activated. SanCord has synced 4 command(s)
[10:22:30]  SanCord is activated. SanCord has synced 4 command(s)
[10:23:11]  SanCord is activated. SanCord has synced 4 command(s)
[0:0:51]  SanCord is activated. SanCord has synced 7 command(s)
[0:2:49]  SanCord is activated. SanCord has synced 7 command(s)
[0:3:36]  SanCord is activated. SanCord has synced 7 command(s)
[0:3:50]  SanCord is activated. SanCord has synced 7 command(s)
[0:6:38]  SanCord is activated. SanCord has synced 7 command(s)
[0:8:21]  SanCord is activated. SanCord has synced 7 command(s)
[0:9:53]  SanCord is activated. SanCord has synced 7 command(s)
[0:13:0]  SanCord is activated. SanCord has synced 7 command(s)
[0:13:51]  SanCord is activated. SanCord has synced 7 command(s)
[0:16:12]  SanCord is activated. SanCord has synced 7 command(s)
[0:16:54]  SanCord is activated. SanCord has synced 7 command(s)
[0:18:22]  SanCord is activated. SanCord has synced 7 command(s)
[0:24:1]  SanCord is activated. SanCord has synced 7 command(s)
[0:24:37]  SanCord is activated. SanCord has synced 7 command(s)
[0:26:30]  SanCord is activated. SanCord has synced 7 command(s)
[0:26:30]  A suggestion of Nafiz Rohan is approved by Nafiz Rohan.
[0:27:43]  SanCord is activated. SanCord has synced 7 command(s)
[0:27:43]  A suggestion of Nafiz Rohan is approved by Nafiz Rohan.
[0:31:48]  SanCord is activated. SanCord has synced 7 command(s)
[0:31:48]  A suggestion of Nafiz Rohan is approved by Nafiz Rohan.
[0:33:12]  SanCord is activated. SanCord has synced 7 command(s)
[0:33:12]  A suggestion of Nafiz Rohan is approved by Nafiz Rohan.
[0:34:48]  SanCord is activated. SanCord has synced 7 command(s)
[0:34:48]  A suggestion of Nafiz Rohan is approved by Nafiz Rohan.
[0:36:38]  SanCord is activated. SanCord has synced 7 command(s)
[0:36:38]  A suggestion of Nafiz Rohan is approved by Nafiz Rohan.
[0:37:5]  A suggestion of Nafiz Rohan is approved by Nafiz Rohan.
[0:16:30]  SanCord is activated. SanCord has synced 9 command(s)
[0:16:30]  Suggestion Log Channel Is Set For Nafiz Rohan's Warehouse
[0:16:30]  Suggestion Log Channel Is Set For Nafiz Rohan's Warehouse
[0:20:47]  SanCord is activated. SanCord has synced 9 command(s)
[0:21:29]  SanCord is activated. SanCord has synced 9 command(s)
[0:22:26]  SanCord is activated. SanCord has synced 9 command(s)
[0:23:16]  SanCord is activated. SanCord has synced 9 command(s)
[0:25:58]  SanCord is activated. SanCord has synced 9 command(s)
[0:28:31]  SanCord is activated. SanCord has synced 9 command(s)
[0:31:8]  SanCord is activated. SanCord has synced 9 command(s)
[0:33:4]  SanCord is activated. SanCord has synced 9 command(s)
[0:34:4]  SanCord is activated. SanCord has synced 9 command(s)
[0:34:4]  A suggestion of Nafiz Rohan is approved by Nafiz Rohan.
[0:34:4]  405 Method Not Allowed (error code: 0): 405: Method Not Allowed
[0:36:14]  SanCord is activated. SanCord has synced 9 command(s)
[0:36:14]  A suggestion of Nafiz Rohan is approved by Nafiz Rohan.
[0:36:14]  404 Not Found (error code: 10062): Unknown interaction
[0:39:14]  SanCord is activated. SanCord has synced 9 command(s)
[0:39:14]  A suggestion of Nafiz Rohan is approved by Nafiz Rohan.
[0:43:7]  SanCord is activated. SanCord has synced 9 command(s)
[0:44:16]  SanCord is activated. SanCord has synced 9 command(s)
[0:44:16]  'NoneType' object is not subscriptable
[0:45:40]  SanCord is activated. SanCord has synced 9 command(s)
[0:45:40]  'NoneType' object is not subscriptable
[0:47:1]  SanCord is activated. SanCord has synced 9 command(s)
[0:47:1]  'NoneType' object is not subscriptable
[0:49:29]  SanCord is activated. SanCord has synced 9 command(s)
[0:49:29]  'NoneType' object is not subscriptable
[22:32:55]  SanCord is activated. SanCord has synced 9 command(s)
[22:32:55]  'NoneType' object is not subscriptable
[22:32:55]  'NoneType' object is not subscriptable
[22:32:55]  'NoneType' object is not subscriptable
[22:32:55]  'NoneType' object is not subscriptable
[22:32:55]  'NoneType' object is not subscriptable
[22:32:55]  'NoneType' object is not subscriptable
[22:32:55]  'NoneType' object is not subscriptable
[22:32:55]  'NoneType' object is not subscriptable
[22:32:55]  'NoneType' object is not subscriptable
[22:32:55]  'NoneType' object is not subscriptable
[22:32:55]  'NoneType' object is not subscriptable
[22:32:55]  'NoneType' object is not subscriptable
[22:32:55]  'NoneType' object is not subscriptable
[22:32:55]  'NoneType' object is not subscriptable
[22:32:55]  'NoneType' object is not subscriptable
[22:32:55]  'NoneType' object is not subscriptable
[22:32:55]  'NoneType' object is not subscriptable
[22:32:55]  'NoneType' object is not subscriptable
[22:32:55]  'NoneType' object is not subscriptable
[22:32:55]  'NoneType' object is not subscriptable
[22:32:55]  'NoneType' object is not subscriptable
[22:32:55]  'NoneType' object is not subscriptable
[22:32:55]  'NoneType' object is not subscriptable
[22:32:55]  'NoneType' object is not subscriptable
[22:32:55]  'NoneType' object is not subscriptable
[22:32:55]  'NoneType' object is not subscriptable
[22:32:55]  'NoneType' object is not subscriptable
[22:32:55]  'NoneType' object is not subscriptable
[22:32:55]  'NoneType' object is not subscriptable
[22:32:55]  'NoneType' object is not subscriptable
[22:32:55]  'NoneType' object is not subscriptable
[22:32:55]  'NoneType' object is not subscriptable
[22:32:55]  'NoneType' object is not subscriptable
[22:32:55]  'NoneType' object is not subscriptable
[22:32:55]  'NoneType' object is not subscriptable
[0:7:21]  SanCord is activated. SanCord has synced 9 command(s)
[0:7:21]  'NoneType' object is not subscriptable
[0:7:21]  'NoneType' object is not subscriptable
[0:7:21]  'NoneType' object is not subscriptable
[0:7:21]  'NoneType' object is not subscriptable
[0:7:21]  'NoneType' object is not subscriptable
[0:9:52]  SanCord is activated. SanCord has synced 9 command(s)
[0:9:52]  'NoneType' object is not subscriptable
[0:9:52]  'NoneType' object is not subscriptable
[0:11:32]  SanCord is activated. SanCord has synced 9 command(s)
[0:11:32]  'NoneType' object is not subscriptable
[0:14:10]  SanCord is activated. SanCord has synced 9 command(s)
[0:14:10]  'NoneType' object is not subscriptable
[0:16:13]  SanCord is activated. SanCord has synced 9 command(s)
[0:17:38]  SanCord is activated. SanCord has synced 9 command(s)
[0:17:38]  'NoneType' object is not subscriptable
[0:17:38]  'NoneType' object is not subscriptable
[0:17:38]  'NoneType' object is not subscriptable
[0:21:13]  SanCord is activated. SanCord has synced 9 command(s)
[0:21:13]  'NoneType' object is not subscriptable
[0:22:43]  SanCord is activated. SanCord has synced 9 command(s)
[0:25:2]  SanCord is activated. SanCord has synced 9 command(s)
[0:25:52]  SanCord is activated. SanCord has synced 9 command(s)
[0:26:50]  SanCord is activated. SanCord has synced 9 command(s)
[0:26:50]  'NoneType' object is not subscriptable
[0:27:55]  SanCord is activated. SanCord has synced 9 command(s)
[0:29:19]  SanCord is activated. SanCord has synced 9 command(s)
[0:29:19]  'NoneType' object is not subscriptable
[0:31:34]  SanCord is activated. SanCord has synced 9 command(s)
[0:31:34]  'NoneType' object is not subscriptable
[0:31:34]  'NoneType' object is not subscriptable
[0:34:42]  SanCord is activated. SanCord has synced 9 command(s)
[0:34:42]  'NoneType' object is not subscriptable
[0:37:38]  SanCord is activated. SanCord has synced 9 command(s)
[0:37:38]  'NoneType' object is not subscriptable
[0:40:8]  SanCord is activated. SanCord has synced 9 command(s)
[0:41:14]  SanCord is activated. SanCord has synced 9 command(s)
[0:45:35]  SanCord is activated. SanCord has synced 9 command(s)
[0:48:56]  SanCord is activated. SanCord has synced 9 command(s)
[0:54:7]  SanCord is activated. SanCord has synced 9 command(s)
[0:56:7]  SanCord is activated. SanCord has synced 9 command(s)
[0:57:6]  SanCord is activated. SanCord has synced 9 command(s)
[0:58:31]  SanCord is activated. SanCord has synced 9 command(s)
[1:6:53]  SanCord is activated. SanCord has synced 9 command(s)
[1:9:6]  SanCord is activated. SanCord has synced 9 command(s)
[1:9:36]  SanCord is activated. SanCord has synced 9 command(s)
[1:10:14]  SanCord is activated. SanCord has synced 9 command(s)
[1:11:8]  SanCord is activated. SanCord has synced 9 command(s)
[16:2:20]  SanCord is activated. SanCord has synced 8 command(s)
[16:3:3]  SanCord is activated. SanCord has synced 8 command(s)
[16:3:3]  'NoneType' object is not subscriptable
[16:5:36]  SanCord is activated. SanCord has synced 8 command(s)
[16:6:40]  SanCord is activated. SanCord has synced 8 command(s)
[19:49:21]  SanCord is activated. SanCord has synced 4 command(s)
[19:50:33]  SanCord is activated. SanCord has synced 4 command(s)
[19:51:28]  SanCord is activated. SanCord has synced 4 command(s)
[19:52:33]  SanCord is activated. SanCord has synced 4 command(s)
[20:14:37]  SanCord is activated. SanCord has synced 4 command(s)
[20:16:49]  SanCord is activated. SanCord has synced 4 command(s)
[20:21:48]  SanCord is activated. SanCord has synced 4 command(s)
[20:23:44]  SanCord is activated. SanCord has synced 4 command(s)
[20:24:50]  SanCord is activated. SanCord has synced 4 command(s)
[20:28:51]  SanCord is activated. SanCord has synced 4 command(s)
[20:32:39]  SanCord is activated. SanCord has synced 4 command(s)
[20:34:57]  SanCord is activated. SanCord has synced 4 command(s)
[20:36:14]  SanCord is activated. SanCord has synced 4 command(s)
[20:37:8]  SanCord is activated. SanCord has synced 4 command(s)
[20:39:24]  SanCord is activated. SanCord has synced 4 command(s)
[20:41:31]  SanCord is activated. SanCord has synced 4 command(s)
[20:43:13]  SanCord is activated. SanCord has synced 4 command(s)
[20:45:44]  SanCord is activated. SanCord has synced 4 command(s)
[20:47:3]  SanCord is activated. SanCord has synced 4 command(s)
[20:49:50]  SanCord is activated. SanCord has synced 4 command(s)
[20:50:40]  SanCord is activated. SanCord has synced 4 command(s)
[20:51:27]  SanCord is activated. SanCord has synced 4 command(s)
[20:52:20]  SanCord is activated. SanCord has synced 4 command(s)
[20:54:47]  SanCord is activated. SanCord has synced 4 command(s)
[20:56:8]  SanCord is activated. SanCord has synced 4 command(s)
[20:57:34]  SanCord is activated. SanCord has synced 4 command(s)
[20:58:50]  SanCord is activated. SanCord has synced 4 command(s)
[21:1:12]  SanCord is activated. SanCord has synced 4 command(s)
[21:2:32]  SanCord is activated. SanCord has synced 4 command(s)
[21:3:37]  SanCord is activated. SanCord has synced 4 command(s)
[21:4:55]  SanCord is activated. SanCord has synced 4 command(s)
[21:7:57]  SanCord is activated. SanCord has synced 4 command(s)
[21:10:26]  SanCord is activated. SanCord has synced 4 command(s)
[21:11:8]  SanCord is activated. SanCord has synced 4 command(s)
[21:13:14]  SanCord is activated. SanCord has synced 4 command(s)
[21:16:21]  SanCord is activated. SanCord has synced 4 command(s)
[21:18:20]  SanCord is activated. SanCord has synced 4 command(s)
[21:23:53]  SanCord is activated. SanCord has synced 4 command(s)
[21:25:22]  SanCord is activated. SanCord has synced 4 command(s)
[22:23:49]  SanCord is activated. SanCord has synced 4 command(s)
[22:24:37]  SanCord is activated. SanCord has synced 4 command(s)
[22:25:41]  SanCord is activated. SanCord has synced 4 command(s)
[22:27:3]  SanCord is activated. SanCord has synced 4 command(s)
[22:56:32]  SanCord is activated. SanCord has synced 6 command(s)
[22:57:58]  SanCord is activated. SanCord has synced 6 command(s)
[23:1:34]  SanCord is activated. SanCord has synced 6 command(s)
[23:2:50]  SanCord is activated. SanCord has synced 6 command(s)
[23:4:36]  SanCord is activated. SanCord has synced 6 command(s)
[23:8:22]  SanCord is activated. SanCord has synced 6 command(s)
[23:16:12]  SanCord is activated. SanCord has synced 6 command(s)
[23:27:47]  SanCord is activated. SanCord has synced 6 command(s)
[23:29:40]  SanCord is activated. SanCord has synced 6 command(s)
[23:32:1]  SanCord is activated. SanCord has synced 6 command(s)
[23:32:1]  A suggestion of Nafiz Rohan#2097 is approved by Nafiz Rohan.
[23:33:11]  SanCord is activated. SanCord has synced 6 command(s)
[23:33:11]  A suggestion of Nafiz Rohan#2097 is approved by Nafiz Rohan.
[23:34:35]  SanCord is activated. SanCord has synced 6 command(s)
[23:34:35]  A suggestion of Nafiz Rohan#2097 is approved by Nafiz Rohan.
[23:39:6]  SanCord is activated. SanCord has synced 6 command(s)
[23:39:6]  A suggestion of Nafiz Rohan#2097 is approved by Nafiz Rohan.
[1:33:2]  SanCord is activated. SanCord has synced 6 command(s)
[11:51:32]  SanCord is activated. SanCord has synced 6 command(s)
[11:53:18]  SanCord is activated. SanCord has synced 6 command(s)
[11:59:30]  SanCord is activated. SanCord has synced 6 command(s)
[11:59:30]  'NoneType' object is not subscriptable
[11:59:30]  'NoneType' object is not subscriptable
[12:1:45]  SanCord is activated. SanCord has synced 6 command(s)
[12:11:15]  SanCord is activated. SanCord has synced 6 command(s)
[12:18:21]  SanCord is activated. SanCord has synced 6 command(s)
[12:20:14]  SanCord is activated. SanCord has synced 6 command(s)
[23:28:19]  sanCord got the query result of 'SELECT * FROM guilds WHERE status = 1'
[23:28:19]  SanCord is activated. SanCord has synced 6 command(s)
[23:28:19]  sanCord got the query result of 'SELECT * FROM guilds WHERE status = 1'
[23:28:19]  sanCord got the query result of 'SELECT * FROM guilds WHERE status = 1'
[23:28:19]  sanCord got the query result of 'SELECT * FROM guilds WHERE status = 1'
[23:28:19]  sanCord got the query result of 'SELECT * FROM guilds WHERE status = 1'
[23:28:19]  sanCord got the query result of 'SELECT * FROM guilds WHERE guild_id = 1075731913580490764'
[23:28:19]  sanCord got the query result of 'SELECT * FROM guilds WHERE serial = 1'
[23:28:19]  sanCord got the query result of 'SELECT * FROM guilds WHERE status = 1'
[23:36:36]  sanCord got the query result of 'SELECT * FROM guilds WHERE status = 1'
[23:36:36]  SanCord is activated. SanCord has synced 6 command(s)
[23:36:36]  sanCord got the query result of 'SELECT * FROM guilds WHERE guild_id = 1075731913580490764'
[23:36:36]  sanCord got the query result of 'SELECT * FROM guilds WHERE serial = 1'
[23:36:36]  sanCord got the query result of 'SELECT * FROM guilds WHERE status = 1'
[23:38:33]  sanCord got the query result of 'SELECT * FROM guilds WHERE status = 1'
[23:38:33]  SanCord is activated. SanCord has synced 6 command(s)
[23:38:33]  sanCord got the query result of 'SELECT * FROM guilds WHERE guild_id = 1075731913580490764'
[23:38:33]  sanCord got the query result of 'SELECT * FROM guilds WHERE serial = 1'
[23:38:33]  sanCord got the query result of 'SELECT * FROM guilds WHERE status = 1'
[23:41:3]  sanCord got the query result of 'SELECT * FROM guilds WHERE status = 1'
[23:41:3]  SanCord is activated. SanCord has synced 6 command(s)
[23:41:3]  sanCord got the query result of 'SELECT * FROM guilds WHERE guild_id = 1075731913580490764'
[23:41:3]  sanCord got the query result of 'SELECT * FROM guilds WHERE serial = 1'
[23:41:3]  sanCord got the query result of 'SELECT * FROM guilds WHERE status = 1'
[23:41:3]  sanCord got the query result of 'SELECT * FROM guilds WHERE status = 1'
[23:41:3]  sanCord got the query result of 'SELECT * FROM guilds WHERE status = 1'
[23:42:51]  sanCord got the query result of 'SELECT * FROM guilds WHERE status = 1'
[23:42:51]  SanCord is activated. SanCord has synced 6 command(s)
[23:42:51]  sanCord got the query result of 'SELECT * FROM guilds WHERE guild_id = 1075731913580490764'
[23:42:51]  sanCord got the query result of 'SELECT * FROM guilds WHERE serial = 1'
[23:42:51]  sanCord got the query result of 'SELECT * FROM guilds WHERE status = 1'
[23:45:12]  sanCord got the query result of 'SELECT * FROM guilds WHERE status = 1'
[23:45:12]  SanCord is activated. SanCord has synced 6 command(s)
[23:45:12]  sanCord got the query result of 'SELECT * FROM guilds WHERE guild_id = 1075731913580490764'
[23:45:12]  sanCord got the query result of 'SELECT * FROM guilds WHERE serial = 1'
[23:45:12]  sanCord got the query result of 'SELECT * FROM guilds WHERE guild_id = 1075731913580490764'
[23:45:12]  sanCord got the query result of 'SELECT * FROM guilds WHERE serial = 1'
[23:45:12]  'NoneType' object is not subscriptable. On /server command
[23:45:12]  sanCord got the query result of 'SELECT * FROM guilds WHERE status = 1'
[23:46:13]  sanCord got the query result of 'SELECT * FROM guilds WHERE status = 1'
[23:46:13]  SanCord is activated. SanCord has synced 6 command(s)
[23:46:13]  sanCord got the query result of 'SELECT * FROM guilds WHERE guild_id = 1075731913580490764'
[23:46:13]  sanCord got the query result of 'SELECT * FROM guilds WHERE serial = 1'
[23:46:13]  400 Bad Request (error code: 50035): Invalid Form Body
In data.embeds.0.thumbnail.url: Not a well formed URL.. On /server command
[23:46:13]  sanCord got the query result of 'SELECT * FROM guilds WHERE status = 1'
[23:47:6]  sanCord got the query result of 'SELECT * FROM guilds WHERE status = 1'
[23:47:6]  SanCord is activated. SanCord has synced 6 command(s)
[23:47:6]  sanCord got the query result of 'SELECT * FROM guilds WHERE guild_id = 1075731913580490764'
[23:47:6]  sanCord got the query result of 'SELECT * FROM guilds WHERE serial = 1'
[23:47:6]  400 Bad Request (error code: 50035): Invalid Form Body
In data.embeds.0.thumbnail.url: Not a well formed URL.. On /server command
[23:47:45]  sanCord got the query result of 'SELECT * FROM guilds WHERE status = 1'
[23:47:45]  SanCord is activated. SanCord has synced 6 command(s)
[23:47:45]  sanCord got the query result of 'SELECT * FROM guilds WHERE status = 1'
[23:47:45]  sanCord got the query result of 'SELECT * FROM guilds WHERE guild_id = 1075731913580490764'
[23:47:45]  sanCord got the query result of 'SELECT * FROM guilds WHERE serial = 1'
[23:47:45]  sanCord got the query result of 'SELECT * FROM guilds WHERE status = 1'
[23:49:0]  sanCord got the query result of 'SELECT * FROM guilds WHERE status = 1'
[23:49:0]  SanCord is activated. SanCord has synced 6 command(s)
[23:49:0]  sanCord got the query result of 'SELECT * FROM guilds WHERE guild_id = 1075731913580490764'
[23:49:0]  sanCord got the query result of 'SELECT * FROM guilds WHERE serial = 1'
[23:49:0]  sanCord got the query result of 'SELECT * FROM guilds WHERE status = 1'
[23:49:0]  sanCord got the query result of 'SELECT * FROM guilds WHERE status = 1'
[23:49:0]  sanCord got the query result of 'SELECT * FROM guilds WHERE status = 1'
[23:53:40]  sanCord got the query result of 'SELECT * FROM guilds WHERE status = 1'
[23:53:40]  SanCord is activated. SanCord has synced 6 command(s)
[23:53:40]  sanCord got the query result of 'SELECT * FROM guilds WHERE guild_id = 1075731913580490764'
[23:53:40]  sanCord got the query result of 'SELECT * FROM guilds WHERE serial = 1'
[23:53:40]  sendto(): port must be 0-65535.
[23:54:52]  sanCord got the query result of 'SELECT * FROM guilds WHERE status = 1'
[23:54:52]  SanCord is activated. SanCord has synced 6 command(s)
[23:54:52]  sanCord got the query result of 'SELECT * FROM guilds WHERE guild_id = 1075731913580490764'
[23:54:52]  sanCord got the query result of 'SELECT * FROM guilds WHERE serial = 1'
[23:54:52]  'NoneType' object is not subscriptable
[23:54:52]  sanCord got the query result of 'SELECT * FROM guilds WHERE guild_id = 1075731913580490764'
[23:54:52]  sanCord got the query result of 'SELECT * FROM guilds WHERE serial = 1'
[23:54:52]  'NoneType' object is not subscriptable
[23:54:52]  sanCord got the query result of 'SELECT * FROM guilds WHERE status = 1'
[23:54:52]  sanCord got the query result of 'SELECT * FROM guilds WHERE status = 1'
[23:54:52]  sanCord got the query result of 'SELECT * FROM guilds WHERE status = 1'
[23:54:52]  sanCord got the query result of 'SELECT * FROM guilds WHERE status = 1'
[23:57:21]  sanCord got the query result of 'SELECT * FROM guilds WHERE status = 1'
[23:57:21]  SanCord is activated. SanCord has synced 6 command(s)
[23:57:21]  sanCord got the query result of 'SELECT * FROM guilds WHERE guild_id = 1075731913580490764'
[23:57:21]  sanCord got the query result of 'SELECT * FROM guilds WHERE serial = 1'
[23:57:21]  'NoneType' object is not subscriptable
[23:57:21]  sanCord got the query result of 'SELECT * FROM guilds WHERE status = 1'
[23:57:21]  sanCord got the query result of 'SELECT * FROM guilds WHERE status = 1'
[23:58:45]  sanCord got the query result of 'SELECT * FROM guilds WHERE status = 1'
[23:58:45]  SanCord is activated. SanCord has synced 6 command(s)
[23:58:45]  'NoneType' object is not subscriptable
[23:58:45]  sanCord got the query result of 'SELECT * FROM guilds WHERE status = 1'
[23:58:45]  'NoneType' object is not subscriptable
[23:58:45]  sanCord got the query result of 'SELECT * FROM guilds WHERE status = 1'
[23:58:45]  'NoneType' object is not subscriptable
[0:0:39]  sanCord got the query result of 'SELECT * FROM guilds WHERE status = 1'
[0:0:39]  SanCord is activated. SanCord has synced 6 command(s)
[0:0:39]  'NoneType' object is not subscriptable
[0:0:39]  sanCord got the query result of 'SELECT * FROM guilds WHERE status = 1'
[0:0:39]  sanCord got the query result of 'SELECT * FROM guilds WHERE status = 1'
[0:1:53]  sanCord got the query result of 'SELECT * FROM guilds WHERE status = 1'
[0:1:53]  SanCord is activated. SanCord has synced 6 command(s)
[0:1:53]  sanCord got the query result of 'SELECT * FROM guilds WHERE status = 1'
[0:1:53]  sanCord got the query result of 'SELECT * FROM guilds WHERE status = 1'
[0:4:45]  sanCord got the query result of 'SELECT * FROM guilds WHERE status = 1'
[0:4:45]  SanCord is activated. SanCord has synced 6 command(s)
[0:4:45]  sanCord got the query result of 'SELECT * FROM guilds WHERE status = 1'
[0:4:45]  sanCord got the query result of 'SELECT * FROM guilds WHERE status = 1'
[0:8:30]  sanCord got the query result of 'SELECT * FROM guilds WHERE status = 1'
[0:8:30]  SanCord is activated. SanCord has synced 6 command(s)
[0:8:30]  sanCord got the query result of 'SELECT * FROM guilds WHERE status = 1'
[0:8:30]  sanCord got the query result of 'SELECT * FROM guilds WHERE status = 1'
[0:8:30]  sanCord got the query result of 'SELECT * FROM guilds WHERE status = 1'
[0:13:52]  sanCord got the query result of 'SELECT * FROM guilds WHERE status = 1'
[0:13:52]  SanCord is activated. SanCord has synced 6 command(s)
[0:13:52]  sanCord got the query result of 'SELECT * FROM guilds WHERE status = 1'
[0:55:41]  sanCord got the query result of 'SELECT * FROM guilds WHERE status = 1'
[0:55:41]  SanCord is activated. SanCord has synced 6 command(s)
[0:55:41]  sanCord got the query result of 'SELECT * FROM guilds WHERE guild_id = 953652440618639360'
[0:55:41]  'DELETE FROM guilds WHERE guilds.serial = NULL' this query is executed.
[0:55:41]  Guild Is Removed From Database(Guild id: 953652440618639360).
[0:55:41]  sanCord got the query result of 'SELECT * FROM guilds WHERE status = 1'
[0:55:41]  sanCord got the query result of 'SELECT * FROM guilds WHERE status = 1'
[0:55:41]  sanCord got the query result of 'SELECT * FROM guilds WHERE guild_id = 1075731913580490764'
[0:55:41]  'UPDATE guilds SET ip = '123', port = 2321, set_ip = 1, status_channel = 312332, sg_channel = 234432, sg_logC = 21e3 WHERE serial = 1 ' this query is executed.
[0:55:41]  sanCord got the query result of 'SELECT * FROM guilds WHERE status = 1'
[0:57:31]  sanCord got the query result of 'SELECT * FROM guilds WHERE status = 1'
[0:57:31]  SanCord is activated. SanCord has synced 6 command(s)
[0:57:31]  sanCord got the query result of 'SELECT * FROM guilds WHERE guild_id = 1075731913580490764'
[0:57:31]  'UPDATE guilds SET ip = '23423', port = 334, set_ip = 1, status_channel = 345255, sg_channel = 2345, sg_logC = 4245232 WHERE serial = 1 ' this query is executed.
[1:7:0]  sanCord got the query result of 'SELECT * FROM guilds WHERE status = 1'
[1:7:0]  SanCord is activated. SanCord has synced 6 command(s)
[1:7:0]  sanCord got the query result of 'SELECT * FROM guilds WHERE guild_id = 1075731913580490764'
[1:7:0]  'UPDATE guilds SET ip = '1234567', port = 1232, set_ip = 1, status_channel = 23456776543223456, sg_channel = 2345676543234, sg_logC = 1234564321234 WHERE serial = 1;' this query is executed.
[1:8:2]  sanCord got the query result of 'SELECT * FROM guilds WHERE status = 1'
[1:8:2]  SanCord is activated. SanCord has synced 6 command(s)
[1:8:2]  sanCord got the query result of 'SELECT * FROM guilds WHERE guild_id = 1075731913580490764'
[1:8:2]  'UPDATE guilds SET ip = '2345432', port = 3232, set_ip = 1, status_channel = 3456789876544, sg_channel = 4234567898765, sg_logC = 4567898765 WHERE serial = 1;' this query is executed.
[1:8:2]  sanCord got the query result of 'SELECT * FROM guilds WHERE guild_id = 1075731913580490764'
[1:8:2]  'UPDATE guilds SET ip = 'NULL', port = NULL, set_ip = 0, status_channel = NULL, sg_channel = NULL, sg_logC = NULL WHERE serial = 1;' this query is executed.
[11:58:3]  2003: Can't connect to MySQL server on 'localhost:3306' (10061 No connection could be made because the target machine actively refused it)
[11:59:7]  sanCord got the query result of 'SELECT * FROM guilds WHERE status = 1'
[11:59:7]  SanCord is activated. SanCord has synced 6 command(s)
[11:59:7]  'INSERT INTO guilds (`guild_id`, `guild_name`, `joining_date`) VALUES ("1108983290205065260", "Hosting.exe",  NOW())' isn't executed fully beacuse '2055: Lost connection to MySQL server at 'localhost:3306', system error: 10054 An existing connection was forcibly closed by the remote host'
[11:59:7]  SanCord can't execute 'SELECT * FROM guilds WHERE guild_id = 1108983290205065260' this query becasue: 2003: Can't connect to MySQL server on 'localhost:3306' (10061 No connection could be made because the target machine actively refused it)
[11:59:7]  Guild's Information Added To Database(Guild id: 1108983290205065260, Guild name: Hosting.exe, Serial Number: NULL)
[11:59:7]  sanCord got the query result of 'SELECT * FROM guilds WHERE guild_id = 1108983290205065260'
[11:59:7]  'DELETE FROM guilds WHERE guilds.serial = NULL' this query is executed.
[11:59:7]  Guild Is Removed From Database(Guild id: 1108983290205065260).
[11:59:7]  'INSERT INTO guilds (`guild_id`, `guild_name`, `joining_date`) VALUES ("1108983290205065260", "Hosting.exe",  NOW())' this query is executed.
[11:59:7]  sanCord got the query result of 'SELECT * FROM guilds WHERE guild_id = 1108983290205065260'
[11:59:7]  Guild's Information Added To Database(Guild id: 1108983290205065260, Guild name: Hosting.exe, Serial Number: 2)
[21:17:42]  sanCord got the query result of 'SELECT * FROM guilds WHERE status = 1'
[21:17:42]  SanCord is activated. SanCord has synced 6 command(s)
[21:17:42]  sanCord got the query result of 'SELECT * FROM guilds WHERE status = 1'
[21:17:42]  sanCord got the query result of 'SELECT * FROM guilds WHERE status = 1'
[21:17:42]  'INSERT INTO guilds (`guild_id`, `guild_name`, `joining_date`) VALUES ("981583422478749756", "Multiverse Hub",  NOW())' this query is executed.
[21:17:42]  sanCord got the query result of 'SELECT * FROM guilds WHERE guild_id = 981583422478749756'
[21:17:42]  Guild's Information Added To Database(Guild id: 981583422478749756, Guild name: Multiverse Hub, Serial Number: 1)
[21:17:42]  sanCord got the query result of 'SELECT * FROM guilds WHERE status = 1'
[21:17:42]  sanCord got the query result of 'SELECT * FROM guilds WHERE status = 1'
[21:17:42]  sanCord got the query result of 'SELECT * FROM guilds WHERE status = 1'
[21:17:42]  sanCord got the query result of 'SELECT * FROM guilds WHERE status = 1'
[21:17:42]  sanCord got the query result of 'SELECT * FROM guilds WHERE status = 1'
[21:17:42]  sanCord got the query result of 'SELECT * FROM guilds WHERE guild_id = 981583422478749756'
[21:17:42]  sanCord got the query result of 'SELECT * FROM guilds WHERE serial = 1'
[21:17:42]  sanCord got the query result of 'SELECT * FROM guilds WHERE status = 1'
[21:17:42]  sanCord got the query result of 'SELECT * FROM guilds WHERE guild_id = 981583422478749756'
[21:17:42]  sanCord got the query result of 'SELECT * FROM guilds WHERE serial = 1'
[21:17:42]  
[21:17:42]  sanCord got the query result of 'SELECT * FROM guilds WHERE status = 1'
[21:17:42]  sanCord got the query result of 'SELECT * FROM guilds WHERE status = 1'
[21:17:42]  sanCord got the query result of 'SELECT * FROM guilds WHERE status = 1'
[21:17:42]  sanCord got the query result of 'SELECT * FROM guilds WHERE status = 1'
[21:17:42]  sanCord got the query result of 'SELECT * FROM guilds WHERE status = 1'
[21:17:42]  sanCord got the query result of 'SELECT * FROM guilds WHERE status = 1'
[21:17:42]  sanCord got the query result of 'SELECT * FROM guilds WHERE status = 1'
[21:17:42]  sanCord got the query result of 'SELECT * FROM guilds WHERE guild_id = 981583422478749756'
[21:17:42]  'UPDATE guilds SET ip = '65.108.101.89', port = 20250, set_ip = 1, status_channel = 1106594444905549865, sg_channel = 1107241520475668580, sg_logC = 1106594444905549865, status = 1 WHERE serial = 1;' this query is executed.
[21:17:42]  sanCord got the query result of 'SELECT * FROM guilds WHERE status = 1'
[21:17:42]  sanCord got the query result of 'SELECT * FROM guilds WHERE guild_id = 981583422478749756'
[21:17:42]  sanCord got the query result of 'SELECT * FROM guilds WHERE serial = 1'
[21:17:42]  sanCord got the query result of 'SELECT * FROM guilds WHERE guild_id = 981583422478749756'
[21:17:42]  'UPDATE guilds SET ip = '213.32.6.232', port = 7777, set_ip = 1, status_channel = 1103607459777617942, sg_channel = 1103607459777617942, sg_logC = 1103607459777617942, status = 1 WHERE serial = 1;' this query is executed.
[21:17:42]  sanCord got the query result of 'SELECT * FROM guilds WHERE status = 1'
[21:28:12]  sanCord got the query result of 'SELECT * FROM guilds WHERE status = 1'
[21:28:12]  SanCord is activated. SanCord has synced 6 command(s)
[21:30:11]  sanCord got the query result of 'SELECT * FROM guilds WHERE status = 1'
[21:30:11]  SanCord is activated. SanCord has synced 6 command(s)
[21:30:11]  sanCord got the query result of 'SELECT * FROM guilds WHERE status = 1'
[21:31:27]  sanCord got the query result of 'SELECT * FROM guilds WHERE status = 1'
[21:31:27]  SanCord is activated. SanCord has synced 6 command(s)
[21:31:27]  sanCord got the query result of 'SELECT * FROM guilds WHERE status = 1'
[21:31:27]  sanCord got the query result of 'SELECT * FROM guilds WHERE status = 1'
[21:31:27]  sanCord got the query result of 'SELECT * FROM guilds WHERE status = 1'
[21:31:27]  sanCord got the query result of 'SELECT * FROM guilds WHERE status = 1'
[21:31:27]  sanCord got the query result of 'SELECT * FROM guilds WHERE status = 1'
[21:31:27]  sanCord got the query result of 'SELECT * FROM guilds WHERE status = 1'
[21:31:27]  sanCord got the query result of 'SELECT * FROM guilds WHERE status = 1'
[21:46:44]  sanCord got the query result of 'SELECT * FROM guilds WHERE status = 1'
[21:46:44]  SanCord is activated. SanCord has synced 7 command(s)
[21:46:44]  sanCord got the query result of 'SELECT * FROM guilds WHERE status = 1'
[21:46:44]  sanCord got the query result of 'SELECT * FROM guilds WHERE status = 1'
[21:48:36]  sanCord got the query result of 'SELECT * FROM guilds WHERE status = 1'
[21:48:36]  SanCord is activated. SanCord has synced 7 command(s)
[21:48:36]  'INSERT INTO guilds (`guild_id`, `guild_name`, `joining_date`) VALUES ("1075731913580490764", "Nafiz Rohan's Warehouse",  NOW())' this query is executed.
[21:48:36]  sanCord got the query result of 'SELECT * FROM guilds WHERE guild_id = 1075731913580490764'
[21:48:36]  Guild's Information Added To Database(Guild id: 1075731913580490764, Guild name: Nafiz Rohan's Warehouse, Serial Number: 2)
[21:48:36]  sanCord got the query result of 'SELECT * FROM guilds WHERE status = 1'
[21:49:31]  sanCord got the query result of 'SELECT * FROM guilds WHERE status = 1'
[21:49:31]  SanCord is activated. SanCord has synced 7 command(s)
[21:49:31]  sanCord got the query result of 'SELECT * FROM guilds WHERE status = 1'
[21:49:31]  I got the result of this query 'SELECT COUNT(*) AS count FROM suggestions WHERE guild_id = 1075731913580490764 AND author = 805808173385515021'
[21:49:31]  sanCord got the query result of 'SELECT * FROM guilds WHERE status = 1'
[21:49:31]  sanCord got the query result of 'SELECT * FROM guilds WHERE status = 1'
[21:49:31]  sanCord got the query result of 'SELECT * FROM guilds WHERE status = 1'
[21:49:31]  sanCord got the query result of 'SELECT * FROM guilds WHERE status = 1'
[21:52:13]  sanCord got the query result of 'SELECT * FROM guilds WHERE status = 1'
[21:52:13]  SanCord is activated. SanCord has synced 7 command(s)
[21:52:13]  sanCord got the query result of 'SELECT * FROM guilds WHERE guild_id = 1075731913580490764'
[21:52:13]  'UPDATE guilds status = 1 WHERE serial = 2' isn't executed fully beacuse '1064 (42000): You have an error in your SQL syntax; check the manual that corresponds to your MariaDB server version for the right syntax to use near '= 1 WHERE serial = 2' at line 1'
[21:52:13]  sanCord got the query result of 'SELECT * FROM guilds WHERE status = 1'
[21:53:35]  Cannot connect to host discord.com:443 ssl:default [getaddrinfo failed]
[21:55:40]  sanCord got the query result of 'SELECT * FROM guilds WHERE status = 1'
[21:55:40]  SanCord is activated. SanCord has synced 7 command(s)
[21:55:40]  sanCord got the query result of 'SELECT * FROM guilds WHERE guild_id = 1075731913580490764'
[21:55:40]  'UPDATE guilds SET status = 1 WHERE serial = 2' this query is executed.
[21:55:40]  sanCord got the query result of 'SELECT * FROM guilds WHERE status = 1'
[21:55:40]  sanCord got the query result of 'SELECT * FROM guilds WHERE status = 1'
[21:55:40]  sanCord got the query result of 'SELECT * FROM guilds WHERE status = 1'
[21:55:40]  sanCord got the query result of 'SELECT * FROM guilds WHERE status = 1'
[21:55:40]  sanCord got the query result of 'SELECT * FROM guilds WHERE status = 1'
[21:55:40]  sanCord got the query result of 'SELECT * FROM guilds WHERE status = 1'
[21:55:40]  sanCord got the query result of 'SELECT * FROM guilds WHERE status = 1'
[21:55:40]  sanCord got the query result of 'SELECT * FROM guilds WHERE status = 1'
[21:55:40]  sanCord got the query result of 'SELECT * FROM guilds WHERE status = 1'
[21:55:40]  sanCord got the query result of 'SELECT * FROM guilds WHERE status = 1'
[21:55:40]  sanCord got the query result of 'SELECT * FROM guilds WHERE status = 1'
[21:55:40]  sanCord got the query result of 'SELECT * FROM guilds WHERE status = 1'
[22:22:31]  2003: Can't connect to MySQL server on 'localhost:3306' (10061 No connection could be made because the target machine actively refused it)
[22:23:24]  sanCord got the query result of 'SELECT * FROM guilds WHERE status = 1'
[22:23:24]  SanCord is activated. SanCord has synced 7 command(s)
[23:25:33]  sanCord got the query result of 'SELECT * FROM guilds WHERE status = 1'
[23:25:33]  SanCord is activated. SanCord has synced 7 command(s)
[23:25:33]  sanCord got the query result of 'SELECT * FROM guilds WHERE status = 1'
[23:25:33]  sanCord got the query result of 'SELECT * FROM guilds WHERE status = 1'
[23:25:33]  sanCord got the query result of 'SELECT * FROM guilds WHERE status = 1'
[23:25:33]  sanCord got the query result of 'SELECT * FROM guilds WHERE status = 1'
[23:25:33]  sanCord got the query result of 'SELECT * FROM guilds WHERE status = 1'
[23:25:33]  sanCord got the query result of 'SELECT * FROM guilds WHERE status = 1'
[23:25:33]  SanCord can't execute 'SELECT * FROM guilds WHERE status = 1' this query becasue: 2003: Can't connect to MySQL server on 'localhost:3306' (10061 No connection could be made because the target machine actively refused it)
